# JRE version: OpenJDK Runtime Environment (8.0_242-b01) (build 1.8.0_242-release-1644-b01)
# Java VM: OpenJDK 64-Bit Server VM (25.242-b01 mixed mode windows-amd64 compressed oops)
Heap:
 PSYoungGen      total 446976K, used 227546K [0x00000000d5580000, 0x00000000f3400000, 0x0000000100000000)
  eden space 417280K, 47% used [0x00000000d5580000,0x00000000e16bd9d8,0x00000000eed00000)
  from space 29696K, 99% used [0x00000000f1700000,0x00000000f33f8e60,0x00000000f3400000)
  to   space 36352K, 0% used [0x00000000eed00000,0x00000000eed00000,0x00000000f1080000)
 ParOldGen       total 192512K, used 94539K [0x0000000080000000, 0x000000008bc00000, 0x00000000d5580000)
  object space 192512K, 49% used [0x0000000080000000,0x0000000085c52d40,0x000000008bc00000)
 Metaspace       used 93139K, capacity 98352K, committed 98380K, reserved 1134592K
  class space    used 12301K, capacity 13303K, committed 13312K, reserved 1048576K
GC Heap History (10 events):
Event: 8.076 GC heap before
{Heap before GC invocations=11 (full 3):
 PSYoungGen      total 371200K, used 17389K [0x00000000d5580000, 0x00000000edf00000, 0x0000000100000000)
  eden space 353792K, 0% used [0x00000000d5580000,0x00000000d5580000,0x00000000eaf00000)
  from space 17408K, 99% used [0x00000000ec600000,0x00000000ed6fb718,0x00000000ed700000)
  to   space 23552K, 0% used [0x00000000eaf00000,0x00000000eaf00000,0x00000000ec600000)
 ParOldGen       total 127488K, used 23491K [0x0000000080000000, 0x0000000087c80000, 0x00000000d5580000)
  object space 127488K, 18% used [0x0000000080000000,0x00000000816f0e80,0x0000000087c80000)
 Metaspace       used 56715K, capacity 58970K, committed 59028K, reserved 1099776K
  class space    used 7693K, capacity 8182K, committed 8192K, reserved 1048576K
Event: 8.284 GC heap after
Heap after GC invocations=11 (full 3):
 PSYoungGen      total 371200K, used 0K [0x00000000d5580000, 0x00000000edf00000, 0x0000000100000000)
  eden space 353792K, 0% used [0x00000000d5580000,0x00000000d5580000,0x00000000eaf00000)
  from space 17408K, 0% used [0x00000000ec600000,0x00000000ec600000,0x00000000ed700000)
  to   space 23552K, 0% used [0x00000000eaf00000,0x00000000eaf00000,0x00000000ec600000)
 ParOldGen       total 192512K, used 37755K [0x0000000080000000, 0x000000008bc00000, 0x00000000d5580000)
  object space 192512K, 19% used [0x0000000080000000,0x00000000824dec90,0x000000008bc00000)
 Metaspace       used 56704K, capacity 58934K, committed 59028K, reserved 1099776K
  class space    used 7690K, capacity 8176K, committed 8192K, reserved 1048576K
}
Event: 11.808 GC heap before
{Heap before GC invocations=12 (full 3):
 PSYoungGen      total 371200K, used 353792K [0x00000000d5580000, 0x00000000edf00000, 0x0000000100000000)
  eden space 353792K, 100% used [0x00000000d5580000,0x00000000eaf00000,0x00000000eaf00000)
  from space 17408K, 0% used [0x00000000ec600000,0x00000000ec600000,0x00000000ed700000)
  to   space 23552K, 0% used [0x00000000eaf00000,0x00000000eaf00000,0x00000000ec600000)
 ParOldGen       total 192512K, used 37755K [0x0000000080000000, 0x000000008bc00000, 0x00000000d5580000)
  object space 192512K, 19% used [0x0000000080000000,0x00000000824dec90,0x000000008bc00000)
 Metaspace       used 69893K, capacity 72848K, committed 73176K, reserved 1112064K
  class space    used 9531K, capacity 10135K, committed 10240K, reserved 1048576K
Event: 11.834 GC heap after
Heap after GC invocations=12 (full 3):
 PSYoungGen      total 377344K, used 23522K [0x00000000d5580000, 0x00000000f3400000, 0x0000000100000000)
  eden space 353792K, 0% used [0x00000000d5580000,0x00000000d5580000,0x00000000eaf00000)
  from space 23552K, 99% used [0x00000000eaf00000,0x00000000ec5f8be8,0x00000000ec600000)
  to   space 29696K, 0% used [0x00000000f1700000,0x00000000f1700000,0x00000000f3400000)
 ParOldGen       total 192512K, used 44824K [0x0000000080000000, 0x000000008bc00000, 0x00000000d5580000)
  object space 192512K, 23% used [0x0000000080000000,0x0000000082bc62d8,0x000000008bc00000)
 Metaspace       used 69893K, capacity 72848K, committed 73176K, reserved 1112064K
  class space    used 9531K, capacity 10135K, committed 10240K, reserved 1048576K
}
Event: 434.156 GC heap before
{Heap before GC invocations=13 (full 3):
 PSYoungGen      total 377344K, used 377314K [0x00000000d5580000, 0x00000000f3400000, 0x0000000100000000)
  eden space 353792K, 100% used [0x00000000d5580000,0x00000000eaf00000,0x00000000eaf00000)
  from space 23552K, 99% used [0x00000000eaf00000,0x00000000ec5f8be8,0x00000000ec600000)
  to   space 29696K, 0% used [0x00000000f1700000,0x00000000f1700000,0x00000000f3400000)
 ParOldGen       total 192512K, used 44824K [0x0000000080000000, 0x000000008bc00000, 0x00000000d5580000)
  object space 192512K, 23% used [0x0000000080000000,0x0000000082bc62d8,0x000000008bc00000)
 Metaspace       used 77187K, capacity 80582K, committed 80728K, reserved 1120256K
  class space    used 10215K, capacity 10874K, committed 10880K, reserved 1048576K
Event: 434.187 GC heap after
Heap after GC invocations=13 (full 3):
 PSYoungGen      total 446976K, used 29673K [0x00000000d5580000, 0x00000000f3400000, 0x0000000100000000)
  eden space 417280K, 0% used [0x00000000d5580000,0x00000000d5580000,0x00000000eed00000)
  from space 29696K, 99% used [0x00000000f1700000,0x00000000f33fa540,0x00000000f3400000)
  to   space 36352K, 0% used [0x00000000eed00000,0x00000000eed00000,0x00000000f1080000)
 ParOldGen       total 192512K, used 51423K [0x0000000080000000, 0x000000008bc00000, 0x00000000d5580000)
  object space 192512K, 26% used [0x0000000080000000,0x0000000083237e08,0x000000008bc00000)
 Metaspace       used 77187K, capacity 80582K, committed 80728K, reserved 1120256K
  class space    used 10215K, capacity 10874K, committed 10880K, reserved 1048576K
}
Event: 443.277 GC heap before
{Heap before GC invocations=14 (full 3):
 PSYoungGen      total 446976K, used 446953K [0x00000000d5580000, 0x00000000f3400000, 0x0000000100000000)
  eden space 417280K, 100% used [0x00000000d5580000,0x00000000eed00000,0x00000000eed00000)
  from space 29696K, 99% used [0x00000000f1700000,0x00000000f33fa540,0x00000000f3400000)
  to   space 36352K, 0% used [0x00000000eed00000,0x00000000eed00000,0x00000000f1080000)
 ParOldGen       total 192512K, used 51423K [0x0000000080000000, 0x000000008bc00000, 0x00000000d5580000)
  object space 192512K, 26% used [0x0000000080000000,0x0000000083237e08,0x000000008bc00000)
 Metaspace       used 81534K, capacity 85232K, committed 85464K, reserved 1124352K
  class space    used 10675K, capacity 11401K, committed 11520K, reserved 1048576K
Event: 443.310 GC heap after
Heap after GC invocations=14 (full 3):
 PSYoungGen      total 453632K, used 12975K [0x00000000d5580000, 0x00000000f3400000, 0x0000000100000000)
  eden space 417280K, 0% used [0x00000000d5580000,0x00000000d5580000,0x00000000eed00000)
  from space 36352K, 35% used [0x00000000eed00000,0x00000000ef9abc80,0x00000000f1080000)
  to   space 29696K, 0% used [0x00000000f1700000,0x00000000f1700000,0x00000000f3400000)
 ParOldGen       total 192512K, used 80691K [0x0000000080000000, 0x000000008bc00000, 0x00000000d5580000)
  object space 192512K, 41% used [0x0000000080000000,0x0000000084eccf20,0x000000008bc00000)
 Metaspace       used 81534K, capacity 85232K, committed 85464K, reserved 1124352K
  class space    used 10675K, capacity 11401K, committed 11520K, reserved 1048576K
}
Event: 446.896 GC heap before
{Heap before GC invocations=15 (full 3):
 PSYoungGen      total 453632K, used 430255K [0x00000000d5580000, 0x00000000f3400000, 0x0000000100000000)
  eden space 417280K, 100% used [0x00000000d5580000,0x00000000eed00000,0x00000000eed00000)
  from space 36352K, 35% used [0x00000000eed00000,0x00000000ef9abc80,0x00000000f1080000)
  to   space 29696K, 0% used [0x00000000f1700000,0x00000000f1700000,0x00000000f3400000)
 ParOldGen       total 192512K, used 80691K [0x0000000080000000, 0x000000008bc00000, 0x00000000d5580000)
  object space 192512K, 41% used [0x0000000080000000,0x0000000084eccf20,0x000000008bc00000)
 Metaspace       used 92721K, capacity 97790K, committed 98008K, reserved 1134592K
  class space    used 12255K, capacity 13236K, committed 13312K, reserved 1048576K
Event: 446.949 GC heap after
Heap after GC invocations=15 (full 3):
 PSYoungGen      total 446976K, used 29667K [0x00000000d5580000, 0x00000000f3400000, 0x0000000100000000)
  eden space 417280K, 0% used [0x00000000d5580000,0x00000000d5580000,0x00000000eed00000)
  from space 29696K, 99% used [0x00000000f1700000,0x00000000f33f8e60,0x00000000f3400000)
  to   space 36352K, 0% used [0x00000000eed00000,0x00000000eed00000,0x00000000f1080000)
 ParOldGen       total 192512K, used 94539K [0x0000000080000000, 0x000000008bc00000, 0x00000000d5580000)
  object space 192512K, 49% used [0x0000000080000000,0x0000000085c52d40,0x000000008bc00000)
 Metaspace       used 92721K, capacity 97790K, committed 98008K, reserved 1134592K
  class space    used 12255K, capacity 13236K, committed 13312K, reserved 1048576K
}

