# JRE version: OpenJDK Runtime Environment (8.0_242-b01) (build 1.8.0_242-release-1644-b01)
# Java VM: OpenJDK 64-Bit Server VM (25.242-b01 mixed mode windows-amd64 compressed oops)
Heap:
 PSYoungGen      total 446976K, used 199096K [0x00000000d5580000, 0x00000000f4580000, 0x0000000100000000)
  eden space 416768K, 40% used [0x00000000d5580000,0x00000000dfa71880,0x00000000eec80000)
  from space 30208K, 99% used [0x00000000f1680000,0x00000000f33fc9b8,0x00000000f3400000)
  to   space 43008K, 0% used [0x00000000eec80000,0x00000000eec80000,0x00000000f1680000)
 ParOldGen       total 190976K, used 68642K [0x0000000080000000, 0x000000008ba80000, 0x00000000d5580000)
  object space 190976K, 35% used [0x0000000080000000,0x0000000084308808,0x000000008ba80000)
 Metaspace       used 83388K, capacity 87870K, committed 88024K, reserved 1124352K
  class space    used 11336K, capacity 12188K, committed 12288K, reserved 1048576K
GC Heap History (10 events):
Event: 6.205 GC heap before
{Heap before GC invocations=9 (full 2):
 PSYoungGen      total 247808K, used 231936K [0x00000000d5580000, 0x00000000e5900000, 0x0000000100000000)
  eden space 231936K, 100% used [0x00000000d5580000,0x00000000e3800000,0x00000000e3800000)
  from space 15872K, 0% used [0x00000000e4680000,0x00000000e4680000,0x00000000e5600000)
  to   space 14848K, 0% used [0x00000000e3800000,0x00000000e3800000,0x00000000e4680000)
 ParOldGen       total 128000K, used 14964K [0x0000000080000000, 0x0000000087d00000, 0x00000000d5580000)
  object space 128000K, 11% used [0x0000000080000000,0x0000000080e9d170,0x0000000087d00000)
 Metaspace       used 45539K, capacity 47408K, committed 47704K, reserved 1091584K
  class space    used 6157K, capacity 6516K, committed 6528K, reserved 1048576K
Event: 6.220 GC heap after
Heap after GC invocations=9 (full 2):
 PSYoungGen      total 246784K, used 14823K [0x00000000d5580000, 0x00000000ed380000, 0x0000000100000000)
  eden space 231936K, 0% used [0x00000000d5580000,0x00000000d5580000,0x00000000e3800000)
  from space 14848K, 99% used [0x00000000e3800000,0x00000000e4679ea8,0x00000000e4680000)
  to   space 17408K, 0% used [0x00000000ec280000,0x00000000ec280000,0x00000000ed380000)
 ParOldGen       total 128000K, used 16038K [0x0000000080000000, 0x0000000087d00000, 0x00000000d5580000)
  object space 128000K, 12% used [0x0000000080000000,0x0000000080fa99d0,0x0000000087d00000)
 Metaspace       used 45539K, capacity 47408K, committed 47704K, reserved 1091584K
  class space    used 6157K, capacity 6516K, committed 6528K, reserved 1048576K
}
Event: 7.762 GC heap before
{Heap before GC invocations=10 (full 2):
 PSYoungGen      total 246784K, used 161390K [0x00000000d5580000, 0x00000000ed380000, 0x0000000100000000)
  eden space 231936K, 63% used [0x00000000d5580000,0x00000000de4a1c28,0x00000000e3800000)
  from space 14848K, 99% used [0x00000000e3800000,0x00000000e4679ea8,0x00000000e4680000)
  to   space 17408K, 0% used [0x00000000ec280000,0x00000000ec280000,0x00000000ed380000)
 ParOldGen       total 128000K, used 16038K [0x0000000080000000, 0x0000000087d00000, 0x00000000d5580000)
  object space 128000K, 12% used [0x0000000080000000,0x0000000080fa99d0,0x0000000087d00000)
 Metaspace       used 56713K, capacity 59002K, committed 59028K, reserved 1099776K
  class space    used 7695K, capacity 8186K, committed 8192K, reserved 1048576K
Event: 7.785 GC heap after
Heap after GC invocations=10 (full 2):
 PSYoungGen      total 365568K, used 17405K [0x00000000d5580000, 0x00000000ed780000, 0x0000000100000000)
  eden space 348160K, 0% used [0x00000000d5580000,0x00000000d5580000,0x00000000ea980000)
  from space 17408K, 99% used [0x00000000ec280000,0x00000000ed37f738,0x00000000ed380000)
  to   space 23552K, 0% used [0x00000000ea980000,0x00000000ea980000,0x00000000ec080000)
 ParOldGen       total 128000K, used 24008K [0x0000000080000000, 0x0000000087d00000, 0x00000000d5580000)
  object space 128000K, 18% used [0x0000000080000000,0x0000000081772228,0x0000000087d00000)
 Metaspace       used 56713K, capacity 59002K, committed 59028K, reserved 1099776K
  class space    used 7695K, capacity 8186K, committed 8192K, reserved 1048576K
}
Event: 7.785 GC heap before
{Heap before GC invocations=11 (full 3):
 PSYoungGen      total 365568K, used 17405K [0x00000000d5580000, 0x00000000ed780000, 0x0000000100000000)
  eden space 348160K, 0% used [0x00000000d5580000,0x00000000d5580000,0x00000000ea980000)
  from space 17408K, 99% used [0x00000000ec280000,0x00000000ed37f738,0x00000000ed380000)
  to   space 23552K, 0% used [0x00000000ea980000,0x00000000ea980000,0x00000000ec080000)
 ParOldGen       total 128000K, used 24008K [0x0000000080000000, 0x0000000087d00000, 0x00000000d5580000)
  object space 128000K, 18% used [0x0000000080000000,0x0000000081772228,0x0000000087d00000)
 Metaspace       used 56713K, capacity 59002K, committed 59028K, reserved 1099776K
  class space    used 7695K, capacity 8186K, committed 8192K, reserved 1048576K
Event: 7.964 GC heap after
Heap after GC invocations=11 (full 3):
 PSYoungGen      total 365568K, used 0K [0x00000000d5580000, 0x00000000ed780000, 0x0000000100000000)
  eden space 348160K, 0% used [0x00000000d5580000,0x00000000d5580000,0x00000000ea980000)
  from space 17408K, 0% used [0x00000000ec280000,0x00000000ec280000,0x00000000ed380000)
  to   space 23552K, 0% used [0x00000000ea980000,0x00000000ea980000,0x00000000ec080000)
 ParOldGen       total 190976K, used 37753K [0x0000000080000000, 0x000000008ba80000, 0x00000000d5580000)
  object space 190976K, 19% used [0x0000000080000000,0x00000000824de640,0x000000008ba80000)
 Metaspace       used 56696K, capacity 58942K, committed 59028K, reserved 1099776K
  class space    used 7690K, capacity 8176K, committed 8192K, reserved 1048576K
}
Event: 11.623 GC heap before
{Heap before GC invocations=12 (full 3):
 PSYoungGen      total 365568K, used 348160K [0x00000000d5580000, 0x00000000ed780000, 0x0000000100000000)
  eden space 348160K, 100% used [0x00000000d5580000,0x00000000ea980000,0x00000000ea980000)
  from space 17408K, 0% used [0x00000000ec280000,0x00000000ec280000,0x00000000ed380000)
  to   space 23552K, 0% used [0x00000000ea980000,0x00000000ea980000,0x00000000ec080000)
 ParOldGen       total 190976K, used 37753K [0x0000000080000000, 0x000000008ba80000, 0x00000000d5580000)
  object space 190976K, 19% used [0x0000000080000000,0x00000000824de640,0x000000008ba80000)
 Metaspace       used 66977K, capacity 69986K, committed 70232K, reserved 1110016K
  class space    used 9132K, capacity 9762K, committed 9856K, reserved 1048576K
Event: 11.653 GC heap after
Heap after GC invocations=12 (full 3):
 PSYoungGen      total 371712K, used 23525K [0x00000000d5580000, 0x00000000f3400000, 0x0000000100000000)
  eden space 348160K, 0% used [0x00000000d5580000,0x00000000d5580000,0x00000000ea980000)
  from space 23552K, 99% used [0x00000000ea980000,0x00000000ec079528,0x00000000ec080000)
  to   space 30208K, 0% used [0x00000000f1680000,0x00000000f1680000,0x00000000f3400000)
 ParOldGen       total 190976K, used 46676K [0x0000000080000000, 0x000000008ba80000, 0x00000000d5580000)
  object space 190976K, 24% used [0x0000000080000000,0x0000000082d951f8,0x000000008ba80000)
 Metaspace       used 66977K, capacity 69986K, committed 70232K, reserved 1110016K
  class space    used 9132K, capacity 9762K, committed 9856K, reserved 1048576K
}
Event: 15.645 GC heap before
{Heap before GC invocations=13 (full 3):
 PSYoungGen      total 371712K, used 371685K [0x00000000d5580000, 0x00000000f3400000, 0x0000000100000000)
  eden space 348160K, 100% used [0x00000000d5580000,0x00000000ea980000,0x00000000ea980000)
  from space 23552K, 99% used [0x00000000ea980000,0x00000000ec079528,0x00000000ec080000)
  to   space 30208K, 0% used [0x00000000f1680000,0x00000000f1680000,0x00000000f3400000)
 ParOldGen       total 190976K, used 46676K [0x0000000080000000, 0x000000008ba80000, 0x00000000d5580000)
  object space 190976K, 24% used [0x0000000080000000,0x0000000082d951f8,0x000000008ba80000)
 Metaspace       used 75950K, capacity 79484K, committed 79576K, reserved 1118208K
  class space    used 10276K, capacity 10951K, committed 11008K, reserved 1048576K
Event: 15.683 GC heap after
Heap after GC invocations=13 (full 3):
 PSYoungGen      total 446976K, used 30194K [0x00000000d5580000, 0x00000000f4580000, 0x0000000100000000)
  eden space 416768K, 0% used [0x00000000d5580000,0x00000000d5580000,0x00000000eec80000)
  from space 30208K, 99% used [0x00000000f1680000,0x00000000f33fc9b8,0x00000000f3400000)
  to   space 43008K, 0% used [0x00000000eec80000,0x00000000eec80000,0x00000000f1680000)
 ParOldGen       total 190976K, used 68642K [0x0000000080000000, 0x000000008ba80000, 0x00000000d5580000)
  object space 190976K, 35% used [0x0000000080000000,0x0000000084308808,0x000000008ba80000)
 Metaspace       used 75950K, capacity 79484K, committed 79576K, reserved 1118208K
  class space    used 10276K, capacity 10951K, committed 11008K, reserved 1048576K
}

