# JRE version: OpenJDK Runtime Environment (8.0_242-b01) (build 1.8.0_242-release-1644-b01)
# Java VM: OpenJDK 64-Bit Server VM (25.242-b01 mixed mode windows-amd64 compressed oops)
Heap:
 PSYoungGen      total 165888K, used 101771K [0x00000000d5580000, 0x00000000e1f00000, 0x0000000100000000)
  eden space 159744K, 60% used [0x00000000d5580000,0x00000000db337858,0x00000000df180000)
  from space 6144K, 94% used [0x00000000e1900000,0x00000000e1eab698,0x00000000e1f00000)
  to   space 11776K, 0% used [0x00000000e0800000,0x00000000e0800000,0x00000000e1380000)
 ParOldGen       total 91648K, used 14951K [0x0000000080000000, 0x0000000085980000, 0x00000000d5580000)
  object space 91648K, 16% used [0x0000000080000000,0x0000000080e99fa0,0x0000000085980000)
 Metaspace       used 45674K, capacity 47574K, committed 47832K, reserved 1091584K
  class space    used 6175K, capacity 6549K, committed 6656K, reserved 1048576K
GC Heap History (10 events):
Event: 3.750 GC heap before
{Heap before GC invocations=6 (full 1):
 PSYoungGen      total 75776K, used 65024K [0x00000000d5580000, 0x00000000de980000, 0x0000000100000000)
  eden space 65024K, 100% used [0x00000000d5580000,0x00000000d9500000,0x00000000d9500000)
  from space 10752K, 0% used [0x00000000d9f80000,0x00000000d9f80000,0x00000000daa00000)
  to   space 10752K, 0% used [0x00000000d9500000,0x00000000d9500000,0x00000000d9f80000)
 ParOldGen       total 91648K, used 7133K [0x0000000080000000, 0x0000000085980000, 0x00000000d5580000)
  object space 91648K, 7% used [0x0000000080000000,0x00000000806f7440,0x0000000085980000)
 Metaspace       used 28196K, capacity 29060K, committed 29312K, reserved 1075200K
  class space    used 3887K, capacity 4132K, committed 4224K, reserved 1048576K
Event: 3.755 GC heap after
Heap after GC invocations=6 (full 1):
 PSYoungGen      total 75776K, used 7945K [0x00000000d5580000, 0x00000000dd780000, 0x0000000100000000)
  eden space 65024K, 0% used [0x00000000d5580000,0x00000000d5580000,0x00000000d9500000)
  from space 10752K, 73% used [0x00000000d9500000,0x00000000d9cc2540,0x00000000d9f80000)
  to   space 11776K, 0% used [0x00000000dcc00000,0x00000000dcc00000,0x00000000dd780000)
 ParOldGen       total 91648K, used 7141K [0x0000000080000000, 0x0000000085980000, 0x00000000d5580000)
  object space 91648K, 7% used [0x0000000080000000,0x00000000806f9440,0x0000000085980000)
 Metaspace       used 28196K, capacity 29060K, committed 29312K, reserved 1075200K
  class space    used 3887K, capacity 4132K, committed 4224K, reserved 1048576K
}
Event: 4.247 GC heap before
{Heap before GC invocations=7 (full 1):
 PSYoungGen      total 75776K, used 72969K [0x00000000d5580000, 0x00000000dd780000, 0x0000000100000000)
  eden space 65024K, 100% used [0x00000000d5580000,0x00000000d9500000,0x00000000d9500000)
  from space 10752K, 73% used [0x00000000d9500000,0x00000000d9cc2540,0x00000000d9f80000)
  to   space 11776K, 0% used [0x00000000dcc00000,0x00000000dcc00000,0x00000000dd780000)
 ParOldGen       total 91648K, used 7141K [0x0000000080000000, 0x0000000085980000, 0x00000000d5580000)
  object space 91648K, 7% used [0x0000000080000000,0x00000000806f9440,0x0000000085980000)
 Metaspace       used 32677K, capacity 33842K, committed 33920K, reserved 1079296K
  class space    used 4459K, capacity 4724K, committed 4736K, reserved 1048576K
Event: 4.254 GC heap after
Heap after GC invocations=7 (full 1):
 PSYoungGen      total 120320K, used 9461K [0x00000000d5580000, 0x00000000dd780000, 0x0000000100000000)
  eden space 108544K, 0% used [0x00000000d5580000,0x00000000d5580000,0x00000000dbf80000)
  from space 11776K, 80% used [0x00000000dcc00000,0x00000000dd53d630,0x00000000dd780000)
  to   space 12288K, 0% used [0x00000000dbf80000,0x00000000dbf80000,0x00000000dcb80000)
 ParOldGen       total 91648K, used 7149K [0x0000000080000000, 0x0000000085980000, 0x00000000d5580000)
  object space 91648K, 7% used [0x0000000080000000,0x00000000806fb440,0x0000000085980000)
 Metaspace       used 32677K, capacity 33842K, committed 33920K, reserved 1079296K
  class space    used 4459K, capacity 4724K, committed 4736K, reserved 1048576K
}
Event: 4.561 GC heap before
{Heap before GC invocations=8 (full 1):
 PSYoungGen      total 120320K, used 41932K [0x00000000d5580000, 0x00000000dd780000, 0x0000000100000000)
  eden space 108544K, 29% used [0x00000000d5580000,0x00000000d7535ca0,0x00000000dbf80000)
  from space 11776K, 80% used [0x00000000dcc00000,0x00000000dd53d630,0x00000000dd780000)
  to   space 12288K, 0% used [0x00000000dbf80000,0x00000000dbf80000,0x00000000dcb80000)
 ParOldGen       total 91648K, used 7149K [0x0000000080000000, 0x0000000085980000, 0x00000000d5580000)
  object space 91648K, 7% used [0x0000000080000000,0x00000000806fb440,0x0000000085980000)
 Metaspace       used 33996K, capacity 35182K, committed 35416K, reserved 1079296K
  class space    used 4670K, capacity 4970K, committed 4992K, reserved 1048576K
Event: 4.577 GC heap after
Heap after GC invocations=8 (full 1):
 PSYoungGen      total 120832K, used 8470K [0x00000000d5580000, 0x00000000e2480000, 0x0000000100000000)
  eden space 108544K, 0% used [0x00000000d5580000,0x00000000d5580000,0x00000000dbf80000)
  from space 12288K, 68% used [0x00000000dbf80000,0x00000000dc7c5b48,0x00000000dcb80000)
  to   space 11776K, 0% used [0x00000000e1900000,0x00000000e1900000,0x00000000e2480000)
 ParOldGen       total 91648K, used 7149K [0x0000000080000000, 0x0000000085980000, 0x00000000d5580000)
  object space 91648K, 7% used [0x0000000080000000,0x00000000806fb440,0x0000000085980000)
 Metaspace       used 33996K, capacity 35182K, committed 35416K, reserved 1079296K
  class space    used 4670K, capacity 4970K, committed 4992K, reserved 1048576K
}
Event: 4.577 GC heap before
{Heap before GC invocations=9 (full 2):
 PSYoungGen      total 120832K, used 8470K [0x00000000d5580000, 0x00000000e2480000, 0x0000000100000000)
  eden space 108544K, 0% used [0x00000000d5580000,0x00000000d5580000,0x00000000dbf80000)
  from space 12288K, 68% used [0x00000000dbf80000,0x00000000dc7c5b48,0x00000000dcb80000)
  to   space 11776K, 0% used [0x00000000e1900000,0x00000000e1900000,0x00000000e2480000)
 ParOldGen       total 91648K, used 7149K [0x0000000080000000, 0x0000000085980000, 0x00000000d5580000)
  object space 91648K, 7% used [0x0000000080000000,0x00000000806fb440,0x0000000085980000)
 Metaspace       used 33996K, capacity 35182K, committed 35416K, reserved 1079296K
  class space    used 4670K, capacity 4970K, committed 4992K, reserved 1048576K
Event: 4.634 GC heap after
Heap after GC invocations=9 (full 2):
 PSYoungGen      total 120832K, used 0K [0x00000000d5580000, 0x00000000e2480000, 0x0000000100000000)
  eden space 108544K, 0% used [0x00000000d5580000,0x00000000d5580000,0x00000000dbf80000)
  from space 12288K, 0% used [0x00000000dbf80000,0x00000000dbf80000,0x00000000dcb80000)
  to   space 11776K, 0% used [0x00000000e1900000,0x00000000e1900000,0x00000000e2480000)
 ParOldGen       total 91648K, used 14943K [0x0000000080000000, 0x0000000085980000, 0x00000000d5580000)
  object space 91648K, 16% used [0x0000000080000000,0x0000000080e97fa0,0x0000000085980000)
 Metaspace       used 33996K, capacity 35182K, committed 35416K, reserved 1079296K
  class space    used 4670K, capacity 4970K, committed 4992K, reserved 1048576K
}
Event: 5.270 GC heap before
{Heap before GC invocations=10 (full 2):
 PSYoungGen      total 120832K, used 108544K [0x00000000d5580000, 0x00000000e2480000, 0x0000000100000000)
  eden space 108544K, 100% used [0x00000000d5580000,0x00000000dbf80000,0x00000000dbf80000)
  from space 12288K, 0% used [0x00000000dbf80000,0x00000000dbf80000,0x00000000dcb80000)
  to   space 11776K, 0% used [0x00000000e1900000,0x00000000e1900000,0x00000000e2480000)
 ParOldGen       total 91648K, used 14943K [0x0000000080000000, 0x0000000085980000, 0x00000000d5580000)
  object space 91648K, 16% used [0x0000000080000000,0x0000000080e97fa0,0x0000000085980000)
 Metaspace       used 36611K, capacity 38182K, committed 38360K, reserved 1083392K
  class space    used 5030K, capacity 5340K, committed 5376K, reserved 1048576K
Event: 5.276 GC heap after
Heap after GC invocations=10 (full 2):
 PSYoungGen      total 165888K, used 5805K [0x00000000d5580000, 0x00000000e1f00000, 0x0000000100000000)
  eden space 159744K, 0% used [0x00000000d5580000,0x00000000d5580000,0x00000000df180000)
  from space 6144K, 94% used [0x00000000e1900000,0x00000000e1eab698,0x00000000e1f00000)
  to   space 11776K, 0% used [0x00000000e0800000,0x00000000e0800000,0x00000000e1380000)
 ParOldGen       total 91648K, used 14951K [0x0000000080000000, 0x0000000085980000, 0x00000000d5580000)
  object space 91648K, 16% used [0x0000000080000000,0x0000000080e99fa0,0x0000000085980000)
 Metaspace       used 36611K, capacity 38182K, committed 38360K, reserved 1083392K
  class space    used 5030K, capacity 5340K, committed 5376K, reserved 1048576K
}

