# JRE version: OpenJDK Runtime Environment (8.0_242-b01) (build 1.8.0_242-release-1644-b01)
# Java VM: OpenJDK 64-Bit Server VM (25.242-b01 mixed mode windows-amd64 compressed oops)
Heap:
 PSYoungGen      total 340992K, used 301648K [0x00000000d5580000, 0x00000000f0680000, 0x0000000100000000)
  eden space 295424K, 92% used [0x00000000d5580000,0x00000000e60f3e60,0x00000000e7600000)
  from space 45568K, 60% used [0x00000000e7600000,0x00000000e91201b0,0x00000000ea280000)
  to   space 46592K, 0% used [0x00000000ed900000,0x00000000ed900000,0x00000000f0680000)
 ParOldGen       total 203776K, used 107660K [0x0000000080000000, 0x000000008c700000, 0x00000000d5580000)
  object space 203776K, 52% used [0x0000000080000000,0x0000000086923090,0x000000008c700000)
 Metaspace       used 88805K, capacity 93060K, committed 93144K, reserved 1130496K
  class space    used 11913K, capacity 12756K, committed 12800K, reserved 1048576K
GC Heap History (10 events):
Event: 9.529 GC heap before
{Heap before GC invocations=14 (full 3):
 PSYoungGen      total 227328K, used 209408K [0x00000000d5580000, 0x00000000e7080000, 0x0000000100000000)
  eden space 209408K, 100% used [0x00000000d5580000,0x00000000e2200000,0x00000000e2200000)
  from space 17920K, 0% used [0x00000000e3600000,0x00000000e3600000,0x00000000e4780000)
  to   space 20480K, 0% used [0x00000000e2200000,0x00000000e2200000,0x00000000e3600000)
 ParOldGen       total 203776K, used 33120K [0x0000000080000000, 0x000000008c700000, 0x00000000d5580000)
  object space 203776K, 16% used [0x0000000080000000,0x00000000820583c0,0x000000008c700000)
 Metaspace       used 65615K, capacity 68520K, committed 68696K, reserved 1107968K
  class space    used 8995K, capacity 9587K, committed 9600K, reserved 1048576K
Event: 9.545 GC heap after
Heap after GC invocations=14 (full 3):
 PSYoungGen      total 229888K, used 19437K [0x00000000d5580000, 0x00000000e7a00000, 0x0000000100000000)
  eden space 209408K, 0% used [0x00000000d5580000,0x00000000d5580000,0x00000000e2200000)
  from space 20480K, 94% used [0x00000000e2200000,0x00000000e34fb408,0x00000000e3600000)
  to   space 22528K, 0% used [0x00000000e6400000,0x00000000e6400000,0x00000000e7a00000)
 ParOldGen       total 203776K, used 33128K [0x0000000080000000, 0x000000008c700000, 0x00000000d5580000)
  object space 203776K, 16% used [0x0000000080000000,0x000000008205a3c0,0x000000008c700000)
 Metaspace       used 65615K, capacity 68520K, committed 68696K, reserved 1107968K
  class space    used 8995K, capacity 9587K, committed 9600K, reserved 1048576K
}
Event: 11.252 GC heap before
{Heap before GC invocations=15 (full 3):
 PSYoungGen      total 229888K, used 228845K [0x00000000d5580000, 0x00000000e7a00000, 0x0000000100000000)
  eden space 209408K, 100% used [0x00000000d5580000,0x00000000e2200000,0x00000000e2200000)
  from space 20480K, 94% used [0x00000000e2200000,0x00000000e34fb408,0x00000000e3600000)
  to   space 22528K, 0% used [0x00000000e6400000,0x00000000e6400000,0x00000000e7a00000)
 ParOldGen       total 203776K, used 33128K [0x0000000080000000, 0x000000008c700000, 0x00000000d5580000)
  object space 203776K, 16% used [0x0000000080000000,0x000000008205a3c0,0x000000008c700000)
 Metaspace       used 74923K, capacity 78086K, committed 78168K, reserved 1116160K
  class space    used 10196K, capacity 10841K, committed 10880K, reserved 1048576K
Event: 11.283 GC heap after
Heap after GC invocations=15 (full 3):
 PSYoungGen      total 268800K, used 22521K [0x00000000d5580000, 0x00000000e8880000, 0x0000000100000000)
  eden space 246272K, 0% used [0x00000000d5580000,0x00000000d5580000,0x00000000e4600000)
  from space 22528K, 99% used [0x00000000e6400000,0x00000000e79fe520,0x00000000e7a00000)
  to   space 30720K, 0% used [0x00000000e4600000,0x00000000e4600000,0x00000000e6400000)
 ParOldGen       total 203776K, used 47524K [0x0000000080000000, 0x000000008c700000, 0x00000000d5580000)
  object space 203776K, 23% used [0x0000000080000000,0x0000000082e691c0,0x000000008c700000)
 Metaspace       used 74923K, capacity 78086K, committed 78168K, reserved 1116160K
  class space    used 10196K, capacity 10841K, committed 10880K, reserved 1048576K
}
Event: 14.191 GC heap before
{Heap before GC invocations=16 (full 3):
 PSYoungGen      total 268800K, used 268793K [0x00000000d5580000, 0x00000000e8880000, 0x0000000100000000)
  eden space 246272K, 100% used [0x00000000d5580000,0x00000000e4600000,0x00000000e4600000)
  from space 22528K, 99% used [0x00000000e6400000,0x00000000e79fe520,0x00000000e7a00000)
  to   space 30720K, 0% used [0x00000000e4600000,0x00000000e4600000,0x00000000e6400000)
 ParOldGen       total 203776K, used 47524K [0x0000000080000000, 0x000000008c700000, 0x00000000d5580000)
  object space 203776K, 23% used [0x0000000080000000,0x0000000082e691c0,0x000000008c700000)
 Metaspace       used 77582K, capacity 80832K, committed 81112K, reserved 1120256K
  class space    used 10377K, capacity 11006K, committed 11008K, reserved 1048576K
Event: 14.249 GC heap after
Heap after GC invocations=16 (full 3):
 PSYoungGen      total 276992K, used 30705K [0x00000000d5580000, 0x00000000ed300000, 0x0000000100000000)
  eden space 246272K, 0% used [0x00000000d5580000,0x00000000d5580000,0x00000000e4600000)
  from space 30720K, 99% used [0x00000000e4600000,0x00000000e63fc650,0x00000000e6400000)
  to   space 46592K, 0% used [0x00000000ea580000,0x00000000ea580000,0x00000000ed300000)
 ParOldGen       total 203776K, used 78185K [0x0000000080000000, 0x000000008c700000, 0x00000000d5580000)
  object space 203776K, 38% used [0x0000000080000000,0x0000000084c5a490,0x000000008c700000)
 Metaspace       used 77582K, capacity 80832K, committed 81112K, reserved 1120256K
  class space    used 10377K, capacity 11006K, committed 11008K, reserved 1048576K
}
Event: 16.367 GC heap before
{Heap before GC invocations=17 (full 3):
 PSYoungGen      total 276992K, used 276977K [0x00000000d5580000, 0x00000000ed300000, 0x0000000100000000)
  eden space 246272K, 100% used [0x00000000d5580000,0x00000000e4600000,0x00000000e4600000)
  from space 30720K, 99% used [0x00000000e4600000,0x00000000e63fc650,0x00000000e6400000)
  to   space 46592K, 0% used [0x00000000ea580000,0x00000000ea580000,0x00000000ed300000)
 ParOldGen       total 203776K, used 78185K [0x0000000080000000, 0x000000008c700000, 0x00000000d5580000)
  object space 203776K, 38% used [0x0000000080000000,0x0000000084c5a490,0x000000008c700000)
 Metaspace       used 78107K, capacity 81408K, committed 81752K, reserved 1120256K
  class space    used 10384K, capacity 11070K, committed 11136K, reserved 1048576K
Event: 16.398 GC heap after
Heap after GC invocations=17 (full 3):
 PSYoungGen      total 337920K, used 8415K [0x00000000d5580000, 0x00000000ecf00000, 0x0000000100000000)
  eden space 295424K, 0% used [0x00000000d5580000,0x00000000d5580000,0x00000000e7600000)
  from space 42496K, 19% used [0x00000000ea580000,0x00000000eadb7cc0,0x00000000ecf00000)
  to   space 45568K, 0% used [0x00000000e7600000,0x00000000e7600000,0x00000000ea280000)
 ParOldGen       total 203776K, used 107652K [0x0000000080000000, 0x000000008c700000, 0x00000000d5580000)
  object space 203776K, 52% used [0x0000000080000000,0x0000000086921090,0x000000008c700000)
 Metaspace       used 78107K, capacity 81408K, committed 81752K, reserved 1120256K
  class space    used 10384K, capacity 11070K, committed 11136K, reserved 1048576K
}
Event: 19.029 GC heap before
{Heap before GC invocations=18 (full 3):
 PSYoungGen      total 337920K, used 303839K [0x00000000d5580000, 0x00000000ecf00000, 0x0000000100000000)
  eden space 295424K, 100% used [0x00000000d5580000,0x00000000e7600000,0x00000000e7600000)
  from space 42496K, 19% used [0x00000000ea580000,0x00000000eadb7cc0,0x00000000ecf00000)
  to   space 45568K, 0% used [0x00000000e7600000,0x00000000e7600000,0x00000000ea280000)
 ParOldGen       total 203776K, used 107652K [0x0000000080000000, 0x000000008c700000, 0x00000000d5580000)
  object space 203776K, 52% used [0x0000000080000000,0x0000000086921090,0x000000008c700000)
 Metaspace       used 80781K, capacity 84374K, committed 84440K, reserved 1122304K
  class space    used 10758K, capacity 11455K, committed 11520K, reserved 1048576K
Event: 19.059 GC heap after
Heap after GC invocations=18 (full 3):
 PSYoungGen      total 340992K, used 27776K [0x00000000d5580000, 0x00000000f0680000, 0x0000000100000000)
  eden space 295424K, 0% used [0x00000000d5580000,0x00000000d5580000,0x00000000e7600000)
  from space 45568K, 60% used [0x00000000e7600000,0x00000000e91201b0,0x00000000ea280000)
  to   space 46592K, 0% used [0x00000000ed900000,0x00000000ed900000,0x00000000f0680000)
 ParOldGen       total 203776K, used 107660K [0x0000000080000000, 0x000000008c700000, 0x00000000d5580000)
  object space 203776K, 52% used [0x0000000080000000,0x0000000086923090,0x000000008c700000)
 Metaspace       used 80781K, capacity 84374K, committed 84440K, reserved 1122304K
  class space    used 10758K, capacity 11455K, committed 11520K, reserved 1048576K
}

