# JRE version: OpenJDK Runtime Environment (8.0_242-b01) (build 1.8.0_242-release-1644-b01)
# Java VM: OpenJDK 64-Bit Server VM (25.242-b01 mixed mode windows-amd64 compressed oops)
Heap:
 PSYoungGen      total 499712K, used 207830K [0x00000000d5580000, 0x00000000f8180000, 0x0000000100000000)
  eden space 445440K, 45% used [0x00000000d5580000,0x00000000e1cd8808,0x00000000f0880000)
  from space 54272K, 6% used [0x00000000f4c80000,0x00000000f501d2f8,0x00000000f8180000)
  to   space 61952K, 0% used [0x00000000f0880000,0x00000000f0880000,0x00000000f4500000)
 ParOldGen       total 218112K, used 170462K [0x0000000080000000, 0x000000008d500000, 0x00000000d5580000)
  object space 218112K, 78% used [0x0000000080000000,0x000000008a677900,0x000000008d500000)
 Metaspace       used 84711K, capacity 89072K, committed 89304K, reserved 1126400K
  class space    used 11453K, capacity 12285K, committed 12288K, reserved 1048576K
GC Heap History (10 events):
Event: 16.055 GC heap before
{Heap before GC invocations=20 (full 4):
 PSYoungGen      total 330240K, used 256512K [0x00000000d5580000, 0x00000000f2a80000, 0x0000000100000000)
  eden space 256512K, 100% used [0x00000000d5580000,0x00000000e5000000,0x00000000e5000000)
  from space 73728K, 0% used [0x00000000e5000000,0x00000000e5000000,0x00000000e9800000)
  to   space 71168K, 0% used [0x00000000ee500000,0x00000000ee500000,0x00000000f2a80000)
 ParOldGen       total 218112K, used 155881K [0x0000000080000000, 0x000000008d500000, 0x00000000d5580000)
  object space 218112K, 71% used [0x0000000080000000,0x000000008983a520,0x000000008d500000)
 Metaspace       used 83216K, capacity 87264K, committed 87384K, reserved 1124352K
  class space    used 11294K, capacity 12065K, committed 12160K, reserved 1048576K
Event: 16.073 GC heap after
Heap after GC invocations=20 (full 4):
 PSYoungGen      total 373248K, used 13084K [0x00000000d5580000, 0x00000000f1680000, 0x0000000100000000)
  eden space 322560K, 0% used [0x00000000d5580000,0x00000000d5580000,0x00000000e9080000)
  from space 50688K, 25% used [0x00000000ee500000,0x00000000ef1c7020,0x00000000f1680000)
  to   space 68608K, 0% used [0x00000000e9080000,0x00000000e9080000,0x00000000ed380000)
 ParOldGen       total 218112K, used 155889K [0x0000000080000000, 0x000000008d500000, 0x00000000d5580000)
  object space 218112K, 71% used [0x0000000080000000,0x000000008983c520,0x000000008d500000)
 Metaspace       used 83216K, capacity 87264K, committed 87384K, reserved 1124352K
  class space    used 11294K, capacity 12065K, committed 12160K, reserved 1048576K
}
Event: 16.776 GC heap before
{Heap before GC invocations=21 (full 4):
 PSYoungGen      total 373248K, used 335644K [0x00000000d5580000, 0x00000000f1680000, 0x0000000100000000)
  eden space 322560K, 100% used [0x00000000d5580000,0x00000000e9080000,0x00000000e9080000)
  from space 50688K, 25% used [0x00000000ee500000,0x00000000ef1c7020,0x00000000f1680000)
  to   space 68608K, 0% used [0x00000000e9080000,0x00000000e9080000,0x00000000ed380000)
 ParOldGen       total 218112K, used 155889K [0x0000000080000000, 0x000000008d500000, 0x00000000d5580000)
  object space 218112K, 71% used [0x0000000080000000,0x000000008983c520,0x000000008d500000)
 Metaspace       used 84001K, capacity 88380K, committed 88536K, reserved 1126400K
  class space    used 11417K, capacity 12229K, committed 12288K, reserved 1048576K
Event: 16.804 GC heap after
Heap after GC invocations=21 (full 4):
 PSYoungGen      total 391168K, used 23552K [0x00000000d5580000, 0x00000000f4500000, 0x0000000100000000)
  eden space 322560K, 0% used [0x00000000d5580000,0x00000000d5580000,0x00000000e9080000)
  from space 68608K, 34% used [0x00000000e9080000,0x00000000ea7803b8,0x00000000ed380000)
  to   space 64512K, 0% used [0x00000000f0600000,0x00000000f0600000,0x00000000f4500000)
 ParOldGen       total 218112K, used 155897K [0x0000000080000000, 0x000000008d500000, 0x00000000d5580000)
  object space 218112K, 71% used [0x0000000080000000,0x000000008983e520,0x000000008d500000)
 Metaspace       used 84001K, capacity 88380K, committed 88536K, reserved 1126400K
  class space    used 11417K, capacity 12229K, committed 12288K, reserved 1048576K
}
Event: 17.201 GC heap before
{Heap before GC invocations=22 (full 4):
 PSYoungGen      total 391168K, used 346112K [0x00000000d5580000, 0x00000000f4500000, 0x0000000100000000)
  eden space 322560K, 100% used [0x00000000d5580000,0x00000000e9080000,0x00000000e9080000)
  from space 68608K, 34% used [0x00000000e9080000,0x00000000ea7803b8,0x00000000ed380000)
  to   space 64512K, 0% used [0x00000000f0600000,0x00000000f0600000,0x00000000f4500000)
 ParOldGen       total 218112K, used 155897K [0x0000000080000000, 0x000000008d500000, 0x00000000d5580000)
  object space 218112K, 71% used [0x0000000080000000,0x000000008983e520,0x000000008d500000)
 Metaspace       used 84191K, capacity 88584K, committed 88792K, reserved 1126400K
  class space    used 11425K, capacity 12267K, committed 12288K, reserved 1048576K
Event: 17.241 GC heap after
Heap after GC invocations=22 (full 4):
 PSYoungGen      total 443904K, used 32885K [0x00000000d5580000, 0x00000000f4d00000, 0x0000000100000000)
  eden space 379392K, 0% used [0x00000000d5580000,0x00000000d5580000,0x00000000ec800000)
  from space 64512K, 50% used [0x00000000f0600000,0x00000000f261d630,0x00000000f4500000)
  to   space 63488K, 0% used [0x00000000ec800000,0x00000000ec800000,0x00000000f0600000)
 ParOldGen       total 218112K, used 155905K [0x0000000080000000, 0x000000008d500000, 0x00000000d5580000)
  object space 218112K, 71% used [0x0000000080000000,0x0000000089840520,0x000000008d500000)
 Metaspace       used 84191K, capacity 88584K, committed 88792K, reserved 1126400K
  class space    used 11425K, capacity 12267K, committed 12288K, reserved 1048576K
}
Event: 18.264 GC heap before
{Heap before GC invocations=23 (full 4):
 PSYoungGen      total 443904K, used 412277K [0x00000000d5580000, 0x00000000f4d00000, 0x0000000100000000)
  eden space 379392K, 100% used [0x00000000d5580000,0x00000000ec800000,0x00000000ec800000)
  from space 64512K, 50% used [0x00000000f0600000,0x00000000f261d630,0x00000000f4500000)
  to   space 63488K, 0% used [0x00000000ec800000,0x00000000ec800000,0x00000000f0600000)
 ParOldGen       total 218112K, used 155905K [0x0000000080000000, 0x000000008d500000, 0x00000000d5580000)
  object space 218112K, 71% used [0x0000000080000000,0x0000000089840520,0x000000008d500000)
 Metaspace       used 84444K, capacity 88798K, committed 89048K, reserved 1126400K
  class space    used 11431K, capacity 12270K, committed 12288K, reserved 1048576K
Event: 18.292 GC heap after
Heap after GC invocations=23 (full 4):
 PSYoungGen      total 442880K, used 9092K [0x00000000d5580000, 0x00000000f8980000, 0x0000000100000000)
  eden space 379392K, 0% used [0x00000000d5580000,0x00000000d5580000,0x00000000ec800000)
  from space 63488K, 14% used [0x00000000ec800000,0x00000000ed0e1130,0x00000000f0600000)
  to   space 62464K, 0% used [0x00000000f4c80000,0x00000000f4c80000,0x00000000f8980000)
 ParOldGen       total 218112K, used 167449K [0x0000000080000000, 0x000000008d500000, 0x00000000d5580000)
  object space 218112K, 76% used [0x0000000080000000,0x000000008a3864e0,0x000000008d500000)
 Metaspace       used 84444K, capacity 88798K, committed 89048K, reserved 1126400K
  class space    used 11431K, capacity 12270K, committed 12288K, reserved 1048576K
}
Event: 19.209 GC heap before
{Heap before GC invocations=24 (full 4):
 PSYoungGen      total 442880K, used 388484K [0x00000000d5580000, 0x00000000f8980000, 0x0000000100000000)
  eden space 379392K, 100% used [0x00000000d5580000,0x00000000ec800000,0x00000000ec800000)
  from space 63488K, 14% used [0x00000000ec800000,0x00000000ed0e1130,0x00000000f0600000)
  to   space 62464K, 0% used [0x00000000f4c80000,0x00000000f4c80000,0x00000000f8980000)
 ParOldGen       total 218112K, used 167449K [0x0000000080000000, 0x000000008d500000, 0x00000000d5580000)
  object space 218112K, 76% used [0x0000000080000000,0x000000008a3864e0,0x000000008d500000)
 Metaspace       used 84671K, capacity 89066K, committed 89304K, reserved 1126400K
  class space    used 11452K, capacity 12284K, committed 12288K, reserved 1048576K
Event: 19.222 GC heap after
Heap after GC invocations=24 (full 4):
 PSYoungGen      total 499712K, used 3700K [0x00000000d5580000, 0x00000000f8180000, 0x0000000100000000)
  eden space 445440K, 0% used [0x00000000d5580000,0x00000000d5580000,0x00000000f0880000)
  from space 54272K, 6% used [0x00000000f4c80000,0x00000000f501d2f8,0x00000000f8180000)
  to   space 61952K, 0% used [0x00000000f0880000,0x00000000f0880000,0x00000000f4500000)
 ParOldGen       total 218112K, used 170462K [0x0000000080000000, 0x000000008d500000, 0x00000000d5580000)
  object space 218112K, 78% used [0x0000000080000000,0x000000008a677900,0x000000008d500000)
 Metaspace       used 84671K, capacity 89066K, committed 89304K, reserved 1126400K
  class space    used 11452K, capacity 12284K, committed 12288K, reserved 1048576K
}

