# JRE version: OpenJDK Runtime Environment (8.0_242-b01) (build 1.8.0_242-release-1644-b01)
# Java VM: OpenJDK 64-Bit Server VM (25.242-b01 mixed mode windows-amd64 compressed oops)
Heap:
 PSYoungGen      total 166400K, used 10777K [0x00000000d5580000, 0x00000000e1800000, 0x0000000100000000)
  eden space 159232K, 6% used [0x00000000d5580000,0x00000000d6006460,0x00000000df100000)
  from space 7168K, 0% used [0x00000000e1100000,0x00000000e1100000,0x00000000e1800000)
  to   space 11776K, 0% used [0x00000000e0100000,0x00000000e0100000,0x00000000e0c80000)
 ParOldGen       total 95232K, used 33142K [0x0000000080000000, 0x0000000085d00000, 0x00000000d5580000)
  object space 95232K, 34% used [0x0000000080000000,0x000000008205dac8,0x0000000085d00000)
 Metaspace       used 57126K, capacity 59416K, committed 59480K, reserved 1099776K
  class space    used 7777K, capacity 8283K, committed 8320K, reserved 1048576K
GC Heap History (10 events):
Event: 7.269 GC heap before
{Heap before GC invocations=9 (full 2):
 PSYoungGen      total 117248K, used 8742K [0x00000000d5580000, 0x00000000e1c80000, 0x0000000100000000)
  eden space 105472K, 0% used [0x00000000d5580000,0x00000000d5580000,0x00000000dbc80000)
  from space 11776K, 74% used [0x00000000dbc80000,0x00000000dc509978,0x00000000dc800000)
  to   space 11776K, 0% used [0x00000000e1100000,0x00000000e1100000,0x00000000e1c80000)
 ParOldGen       total 95232K, used 7219K [0x0000000080000000, 0x0000000085d00000, 0x00000000d5580000)
  object space 95232K, 7% used [0x0000000080000000,0x000000008070cc08,0x0000000085d00000)
 Metaspace       used 34206K, capacity 35388K, committed 35416K, reserved 1079296K
  class space    used 4694K, capacity 4973K, committed 4992K, reserved 1048576K
Event: 7.309 GC heap after
Heap after GC invocations=9 (full 2):
 PSYoungGen      total 117248K, used 0K [0x00000000d5580000, 0x00000000e1c80000, 0x0000000100000000)
  eden space 105472K, 0% used [0x00000000d5580000,0x00000000d5580000,0x00000000dbc80000)
  from space 11776K, 0% used [0x00000000dbc80000,0x00000000dbc80000,0x00000000dc800000)
  to   space 11776K, 0% used [0x00000000e1100000,0x00000000e1100000,0x00000000e1c80000)
 ParOldGen       total 95232K, used 15173K [0x0000000080000000, 0x0000000085d00000, 0x00000000d5580000)
  object space 95232K, 15% used [0x0000000080000000,0x0000000080ed16b8,0x0000000085d00000)
 Metaspace       used 34206K, capacity 35388K, committed 35416K, reserved 1079296K
  class space    used 4694K, capacity 4973K, committed 4992K, reserved 1048576K
}
Event: 16.543 GC heap before
{Heap before GC invocations=10 (full 2):
 PSYoungGen      total 117248K, used 105472K [0x00000000d5580000, 0x00000000e1c80000, 0x0000000100000000)
  eden space 105472K, 100% used [0x00000000d5580000,0x00000000dbc80000,0x00000000dbc80000)
  from space 11776K, 0% used [0x00000000dbc80000,0x00000000dbc80000,0x00000000dc800000)
  to   space 11776K, 0% used [0x00000000e1100000,0x00000000e1100000,0x00000000e1c80000)
 ParOldGen       total 95232K, used 15173K [0x0000000080000000, 0x0000000085d00000, 0x00000000d5580000)
  object space 95232K, 15% used [0x0000000080000000,0x0000000080ed16b8,0x0000000085d00000)
 Metaspace       used 37019K, capacity 38672K, committed 39000K, reserved 1083392K
  class space    used 5083K, capacity 5430K, committed 5504K, reserved 1048576K
Event: 16.560 GC heap after
Heap after GC invocations=10 (full 2):
 PSYoungGen      total 166400K, used 6845K [0x00000000d5580000, 0x00000000e1800000, 0x0000000100000000)
  eden space 159232K, 0% used [0x00000000d5580000,0x00000000d5580000,0x00000000df100000)
  from space 7168K, 95% used [0x00000000e1100000,0x00000000e17af6a8,0x00000000e1800000)
  to   space 11776K, 0% used [0x00000000e0100000,0x00000000e0100000,0x00000000e0c80000)
 ParOldGen       total 95232K, used 15181K [0x0000000080000000, 0x0000000085d00000, 0x00000000d5580000)
  object space 95232K, 15% used [0x0000000080000000,0x0000000080ed36b8,0x0000000085d00000)
 Metaspace       used 37019K, capacity 38672K, committed 39000K, reserved 1083392K
  class space    used 5083K, capacity 5430K, committed 5504K, reserved 1048576K
}
Event: 19.394 GC heap before
{Heap before GC invocations=11 (full 2):
 PSYoungGen      total 166400K, used 166077K [0x00000000d5580000, 0x00000000e1800000, 0x0000000100000000)
  eden space 159232K, 100% used [0x00000000d5580000,0x00000000df100000,0x00000000df100000)
  from space 7168K, 95% used [0x00000000e1100000,0x00000000e17af6a8,0x00000000e1800000)
  to   space 11776K, 0% used [0x00000000e0100000,0x00000000e0100000,0x00000000e0c80000)
 ParOldGen       total 95232K, used 15181K [0x0000000080000000, 0x0000000085d00000, 0x00000000d5580000)
  object space 95232K, 15% used [0x0000000080000000,0x0000000080ed36b8,0x0000000085d00000)
 Metaspace       used 52393K, capacity 54422K, committed 54488K, reserved 1095680K
  class space    used 6969K, capacity 7418K, committed 7424K, reserved 1048576K
Event: 19.413 GC heap after
Heap after GC invocations=11 (full 2):
 PSYoungGen      total 171008K, used 11772K [0x00000000d5580000, 0x00000000e1800000, 0x0000000100000000)
  eden space 159232K, 0% used [0x00000000d5580000,0x00000000d5580000,0x00000000df100000)
  from space 11776K, 99% used [0x00000000e0100000,0x00000000e0c7f320,0x00000000e0c80000)
  to   space 7168K, 0% used [0x00000000e1100000,0x00000000e1100000,0x00000000e1800000)
 ParOldGen       total 95232K, used 27581K [0x0000000080000000, 0x0000000085d00000, 0x00000000d5580000)
  object space 95232K, 28% used [0x0000000080000000,0x0000000081aef720,0x0000000085d00000)
 Metaspace       used 52393K, capacity 54422K, committed 54488K, reserved 1095680K
  class space    used 6969K, capacity 7418K, committed 7424K, reserved 1048576K
}
Event: 20.175 GC heap before
{Heap before GC invocations=12 (full 2):
 PSYoungGen      total 171008K, used 70944K [0x00000000d5580000, 0x00000000e1800000, 0x0000000100000000)
  eden space 159232K, 37% used [0x00000000d5580000,0x00000000d8f49050,0x00000000df100000)
  from space 11776K, 99% used [0x00000000e0100000,0x00000000e0c7f320,0x00000000e0c80000)
  to   space 7168K, 0% used [0x00000000e1100000,0x00000000e1100000,0x00000000e1800000)
 ParOldGen       total 95232K, used 27581K [0x0000000080000000, 0x0000000085d00000, 0x00000000d5580000)
  object space 95232K, 28% used [0x0000000080000000,0x0000000081aef720,0x0000000085d00000)
 Metaspace       used 56732K, capacity 58986K, committed 59028K, reserved 1099776K
  class space    used 7689K, capacity 8184K, committed 8192K, reserved 1048576K
Event: 20.187 GC heap after
Heap after GC invocations=12 (full 2):
 PSYoungGen      total 166400K, used 7152K [0x00000000d5580000, 0x00000000e1800000, 0x0000000100000000)
  eden space 159232K, 0% used [0x00000000d5580000,0x00000000d5580000,0x00000000df100000)
  from space 7168K, 99% used [0x00000000e1100000,0x00000000e17fc040,0x00000000e1800000)
  to   space 11776K, 0% used [0x00000000e0100000,0x00000000e0100000,0x00000000e0c80000)
 ParOldGen       total 95232K, used 39022K [0x0000000080000000, 0x0000000085d00000, 0x00000000d5580000)
  object space 95232K, 40% used [0x0000000080000000,0x000000008261b840,0x0000000085d00000)
 Metaspace       used 56732K, capacity 58986K, committed 59028K, reserved 1099776K
  class space    used 7689K, capacity 8184K, committed 8192K, reserved 1048576K
}
Event: 20.188 GC heap before
{Heap before GC invocations=13 (full 3):
 PSYoungGen      total 166400K, used 7152K [0x00000000d5580000, 0x00000000e1800000, 0x0000000100000000)
  eden space 159232K, 0% used [0x00000000d5580000,0x00000000d5580000,0x00000000df100000)
  from space 7168K, 99% used [0x00000000e1100000,0x00000000e17fc040,0x00000000e1800000)
  to   space 11776K, 0% used [0x00000000e0100000,0x00000000e0100000,0x00000000e0c80000)
 ParOldGen       total 95232K, used 39022K [0x0000000080000000, 0x0000000085d00000, 0x00000000d5580000)
  object space 95232K, 40% used [0x0000000080000000,0x000000008261b840,0x0000000085d00000)
 Metaspace       used 56732K, capacity 58986K, committed 59028K, reserved 1099776K
  class space    used 7689K, capacity 8184K, committed 8192K, reserved 1048576K
Event: 20.365 GC heap after
Heap after GC invocations=13 (full 3):
 PSYoungGen      total 166400K, used 0K [0x00000000d5580000, 0x00000000e1800000, 0x0000000100000000)
  eden space 159232K, 0% used [0x00000000d5580000,0x00000000d5580000,0x00000000df100000)
  from space 7168K, 0% used [0x00000000e1100000,0x00000000e1100000,0x00000000e1800000)
  to   space 11776K, 0% used [0x00000000e0100000,0x00000000e0100000,0x00000000e0c80000)
 ParOldGen       total 95232K, used 33142K [0x0000000080000000, 0x0000000085d00000, 0x00000000d5580000)
  object space 95232K, 34% used [0x0000000080000000,0x000000008205dac8,0x0000000085d00000)
 Metaspace       used 56718K, capacity 58938K, committed 59028K, reserved 1099776K
  class space    used 7684K, capacity 8176K, committed 8192K, reserved 1048576K
}

