# JRE version: OpenJDK Runtime Environment (8.0_242-b01) (build 1.8.0_242-release-1644-b01)
# Java VM: OpenJDK 64-Bit Server VM (25.242-b01 mixed mode windows-amd64 compressed oops)
Heap:
 PSYoungGen      total 454656K, used 118198K [0x00000000d5580000, 0x00000000f3b80000, 0x0000000100000000)
  eden space 426496K, 21% used [0x00000000d5580000,0x00000000dadd2e08,0x00000000ef600000)
  from space 28160K, 98% used [0x00000000f2000000,0x00000000f3b1ab80,0x00000000f3b80000)
  to   space 33792K, 0% used [0x00000000ef980000,0x00000000ef980000,0x00000000f1a80000)
 ParOldGen       total 182784K, used 78658K [0x0000000080000000, 0x000000008b280000, 0x00000000d5580000)
  object space 182784K, 43% used [0x0000000080000000,0x0000000084cd0b78,0x000000008b280000)
 Metaspace       used 91793K, capacity 96580K, committed 96728K, reserved 1132544K
  class space    used 12343K, capacity 13250K, committed 13312K, reserved 1048576K
GC Heap History (10 events):
Event: 12.615 GC heap before
{Heap before GC invocations=15 (full 3):
 PSYoungGen      total 257024K, used 257004K [0x00000000d5580000, 0x00000000ea300000, 0x0000000100000000)
  eden space 238592K, 100% used [0x00000000d5580000,0x00000000e3e80000,0x00000000e3e80000)
  from space 18432K, 99% used [0x00000000e3e80000,0x00000000e507b318,0x00000000e5080000)
  to   space 21504K, 0% used [0x00000000e8e00000,0x00000000e8e00000,0x00000000ea300000)
 ParOldGen       total 182784K, used 34022K [0x0000000080000000, 0x000000008b280000, 0x00000000d5580000)
  object space 182784K, 18% used [0x0000000080000000,0x0000000082139b50,0x000000008b280000)
 Metaspace       used 68151K, capacity 71236K, committed 71384K, reserved 1110016K
  class space    used 9250K, capacity 9891K, committed 9984K, reserved 1048576K
Event: 12.655 GC heap after
Heap after GC invocations=15 (full 3):
 PSYoungGen      total 308736K, used 21501K [0x00000000d5580000, 0x00000000eb900000, 0x0000000100000000)
  eden space 287232K, 0% used [0x00000000d5580000,0x00000000d5580000,0x00000000e6e00000)
  from space 21504K, 99% used [0x00000000e8e00000,0x00000000ea2ff770,0x00000000ea300000)
  to   space 32768K, 0% used [0x00000000e6e00000,0x00000000e6e00000,0x00000000e8e00000)
 ParOldGen       total 182784K, used 57299K [0x0000000080000000, 0x000000008b280000, 0x00000000d5580000)
  object space 182784K, 31% used [0x0000000080000000,0x00000000837f4d58,0x000000008b280000)
 Metaspace       used 68151K, capacity 71236K, committed 71384K, reserved 1110016K
  class space    used 9250K, capacity 9891K, committed 9984K, reserved 1048576K
}
Event: 15.570 GC heap before
{Heap before GC invocations=16 (full 3):
 PSYoungGen      total 308736K, used 308733K [0x00000000d5580000, 0x00000000eb900000, 0x0000000100000000)
  eden space 287232K, 100% used [0x00000000d5580000,0x00000000e6e00000,0x00000000e6e00000)
  from space 21504K, 99% used [0x00000000e8e00000,0x00000000ea2ff770,0x00000000ea300000)
  to   space 32768K, 0% used [0x00000000e6e00000,0x00000000e6e00000,0x00000000e8e00000)
 ParOldGen       total 182784K, used 57299K [0x0000000080000000, 0x000000008b280000, 0x00000000d5580000)
  object space 182784K, 31% used [0x0000000080000000,0x00000000837f4d58,0x000000008b280000)
 Metaspace       used 78976K, capacity 83354K, committed 83544K, reserved 1122304K
  class space    used 10787K, capacity 11642K, committed 11648K, reserved 1048576K
Event: 15.622 GC heap after
Heap after GC invocations=16 (full 3):
 PSYoungGen      total 320000K, used 21870K [0x00000000d5580000, 0x00000000ef400000, 0x0000000100000000)
  eden space 287232K, 0% used [0x00000000d5580000,0x00000000d5580000,0x00000000e6e00000)
  from space 32768K, 66% used [0x00000000e6e00000,0x00000000e835b990,0x00000000e8e00000)
  to   space 33792K, 0% used [0x00000000ed300000,0x00000000ed300000,0x00000000ef400000)
 ParOldGen       total 182784K, used 78634K [0x0000000080000000, 0x000000008b280000, 0x00000000d5580000)
  object space 182784K, 43% used [0x0000000080000000,0x0000000084ccab78,0x000000008b280000)
 Metaspace       used 78976K, capacity 83354K, committed 83544K, reserved 1122304K
  class space    used 10787K, capacity 11642K, committed 11648K, reserved 1048576K
}
Event: 16.496 GC heap before
{Heap before GC invocations=17 (full 3):
 PSYoungGen      total 320000K, used 309102K [0x00000000d5580000, 0x00000000ef400000, 0x0000000100000000)
  eden space 287232K, 100% used [0x00000000d5580000,0x00000000e6e00000,0x00000000e6e00000)
  from space 32768K, 66% used [0x00000000e6e00000,0x00000000e835b990,0x00000000e8e00000)
  to   space 33792K, 0% used [0x00000000ed300000,0x00000000ed300000,0x00000000ef400000)
 ParOldGen       total 182784K, used 78634K [0x0000000080000000, 0x000000008b280000, 0x00000000d5580000)
  object space 182784K, 43% used [0x0000000080000000,0x0000000084ccab78,0x000000008b280000)
 Metaspace       used 79532K, capacity 83978K, committed 84184K, reserved 1122304K
  class space    used 10801K, capacity 11656K, committed 11776K, reserved 1048576K
Event: 16.514 GC heap after
Heap after GC invocations=17 (full 3):
 PSYoungGen      total 384512K, used 16314K [0x00000000d5580000, 0x00000000eef80000, 0x0000000100000000)
  eden space 355328K, 0% used [0x00000000d5580000,0x00000000d5580000,0x00000000eb080000)
  from space 29184K, 55% used [0x00000000ed300000,0x00000000ee2eeaf8,0x00000000eef80000)
  to   space 32256K, 0% used [0x00000000eb080000,0x00000000eb080000,0x00000000ed000000)
 ParOldGen       total 182784K, used 78642K [0x0000000080000000, 0x000000008b280000, 0x00000000d5580000)
  object space 182784K, 43% used [0x0000000080000000,0x0000000084cccb78,0x000000008b280000)
 Metaspace       used 79532K, capacity 83978K, committed 84184K, reserved 1122304K
  class space    used 10801K, capacity 11656K, committed 11776K, reserved 1048576K
}
Event: 17.301 GC heap before
{Heap before GC invocations=18 (full 3):
 PSYoungGen      total 384512K, used 371642K [0x00000000d5580000, 0x00000000eef80000, 0x0000000100000000)
  eden space 355328K, 100% used [0x00000000d5580000,0x00000000eb080000,0x00000000eb080000)
  from space 29184K, 55% used [0x00000000ed300000,0x00000000ee2eeaf8,0x00000000eef80000)
  to   space 32256K, 0% used [0x00000000eb080000,0x00000000eb080000,0x00000000ed000000)
 ParOldGen       total 182784K, used 78642K [0x0000000080000000, 0x000000008b280000, 0x00000000d5580000)
  object space 182784K, 43% used [0x0000000080000000,0x0000000084cccb78,0x000000008b280000)
 Metaspace       used 79743K, capacity 84206K, committed 84440K, reserved 1122304K
  class space    used 10805K, capacity 11660K, committed 11776K, reserved 1048576K
Event: 17.317 GC heap after
Heap after GC invocations=18 (full 3):
 PSYoungGen      total 387584K, used 15329K [0x00000000d5580000, 0x00000000f3e00000, 0x0000000100000000)
  eden space 355328K, 0% used [0x00000000d5580000,0x00000000d5580000,0x00000000eb080000)
  from space 32256K, 47% used [0x00000000eb080000,0x00000000ebf785f0,0x00000000ed000000)
  to   space 30720K, 0% used [0x00000000f2000000,0x00000000f2000000,0x00000000f3e00000)
 ParOldGen       total 182784K, used 78650K [0x0000000080000000, 0x000000008b280000, 0x00000000d5580000)
  object space 182784K, 43% used [0x0000000080000000,0x0000000084cceb78,0x000000008b280000)
 Metaspace       used 79743K, capacity 84206K, committed 84440K, reserved 1122304K
  class space    used 10805K, capacity 11660K, committed 11776K, reserved 1048576K
}
Event: 27.183 GC heap before
{Heap before GC invocations=19 (full 3):
 PSYoungGen      total 387584K, used 370657K [0x00000000d5580000, 0x00000000f3e00000, 0x0000000100000000)
  eden space 355328K, 100% used [0x00000000d5580000,0x00000000eb080000,0x00000000eb080000)
  from space 32256K, 47% used [0x00000000eb080000,0x00000000ebf785f0,0x00000000ed000000)
  to   space 30720K, 0% used [0x00000000f2000000,0x00000000f2000000,0x00000000f3e00000)
 ParOldGen       total 182784K, used 78650K [0x0000000080000000, 0x000000008b280000, 0x00000000d5580000)
  object space 182784K, 43% used [0x0000000080000000,0x0000000084cceb78,0x000000008b280000)
 Metaspace       used 87512K, capacity 92162K, committed 92376K, reserved 1128448K
  class space    used 11788K, capacity 12682K, committed 12800K, reserved 1048576K
Event: 27.205 GC heap after
Heap after GC invocations=19 (full 3):
 PSYoungGen      total 454656K, used 27754K [0x00000000d5580000, 0x00000000f3b80000, 0x0000000100000000)
  eden space 426496K, 0% used [0x00000000d5580000,0x00000000d5580000,0x00000000ef600000)
  from space 28160K, 98% used [0x00000000f2000000,0x00000000f3b1ab80,0x00000000f3b80000)
  to   space 33792K, 0% used [0x00000000ef980000,0x00000000ef980000,0x00000000f1a80000)
 ParOldGen       total 182784K, used 78658K [0x0000000080000000, 0x000000008b280000, 0x00000000d5580000)
  object space 182784K, 43% used [0x0000000080000000,0x0000000084cd0b78,0x000000008b280000)
 Metaspace       used 87512K, capacity 92162K, committed 92376K, reserved 1128448K
  class space    used 11788K, capacity 12682K, committed 12800K, reserved 1048576K
}

